0 info it worked if it ends with ok
1 verbose cli [ '/usr/bin/nodejs',
1 verbose cli   '/usr/bin/npm',
1 verbose cli   'install',
1 verbose cli   '-g',
1 verbose cli   'strongloop' ]
2 info using npm@2.15.9
3 info using node@v4.5.0
4 verbose install initial load of /usr/lib/package.json
5 verbose readDependencies loading dependencies from /usr/lib/package.json
6 silly cache add args [ 'strongloop', null ]
7 verbose cache add spec strongloop
8 silly cache add parsed spec Result {
8 silly cache add   raw: 'strongloop',
8 silly cache add   scope: null,
8 silly cache add   name: 'strongloop',
8 silly cache add   rawSpec: '',
8 silly cache add   spec: 'latest',
8 silly cache add   type: 'tag' }
9 silly addNamed strongloop@latest
10 verbose addNamed "latest" is being treated as a dist-tag for strongloop
11 info addNameTag [ 'strongloop', 'latest' ]
12 silly mapToRegistry name strongloop
13 silly mapToRegistry using default registry
14 silly mapToRegistry registry https://registry.npmjs.org/
15 silly mapToRegistry data Result {
15 silly mapToRegistry   raw: 'strongloop',
15 silly mapToRegistry   scope: null,
15 silly mapToRegistry   name: 'strongloop',
15 silly mapToRegistry   rawSpec: '',
15 silly mapToRegistry   spec: 'latest',
15 silly mapToRegistry   type: 'tag' }
16 silly mapToRegistry uri https://registry.npmjs.org/strongloop
17 verbose addNameTag registry:https://registry.npmjs.org/strongloop not in flight; fetching
18 verbose request uri https://registry.npmjs.org/strongloop
19 verbose request no auth needed
20 info attempt registry request try #1 at 3:32:08 PM
21 verbose request id 59434a4e599eada6
22 verbose etag "CKE4PXQNNBXHU9OAG4BG232NM"
23 http request GET https://registry.npmjs.org/strongloop
24 http 200 https://registry.npmjs.org/strongloop
25 verbose headers { server: 'CouchDB/1.5.0 (Erlang OTP/R16B03)',
25 verbose headers   etag: '"19VJRXRMRH9WGQTA0MNWI0AI5"',
25 verbose headers   'content-type': 'application/json',
25 verbose headers   'content-encoding': 'gzip',
25 verbose headers   'cache-control': 'max-age=300',
25 verbose headers   'content-length': '14085',
25 verbose headers   'accept-ranges': 'bytes',
25 verbose headers   date: 'Thu, 08 Sep 2016 06:32:09 GMT',
25 verbose headers   via: '1.1 varnish',
25 verbose headers   age: '0',
25 verbose headers   connection: 'keep-alive',
25 verbose headers   'x-served-by': 'cache-iad2643-IAD',
25 verbose headers   'x-cache': 'HIT',
25 verbose headers   'x-cache-hits': '1',
25 verbose headers   'x-timer': 'S1473316329.206811,VS0,VE283',
25 verbose headers   vary: 'Accept-Encoding' }
26 silly get cb [ 200,
26 silly get   { server: 'CouchDB/1.5.0 (Erlang OTP/R16B03)',
26 silly get     etag: '"19VJRXRMRH9WGQTA0MNWI0AI5"',
26 silly get     'content-type': 'application/json',
26 silly get     'content-encoding': 'gzip',
26 silly get     'cache-control': 'max-age=300',
26 silly get     'content-length': '14085',
26 silly get     'accept-ranges': 'bytes',
26 silly get     date: 'Thu, 08 Sep 2016 06:32:09 GMT',
26 silly get     via: '1.1 varnish',
26 silly get     age: '0',
26 silly get     connection: 'keep-alive',
26 silly get     'x-served-by': 'cache-iad2643-IAD',
26 silly get     'x-cache': 'HIT',
26 silly get     'x-cache-hits': '1',
26 silly get     'x-timer': 'S1473316329.206811,VS0,VE283',
26 silly get     vary: 'Accept-Encoding' } ]
27 verbose get saving strongloop to /home/kira/.npm/registry.npmjs.org/strongloop/.cache.json
28 verbose correctMkdir /home/kira/.npm correctMkdir not in flight; initializing
29 silly addNameTag next cb for strongloop with tag latest
30 silly addNamed strongloop@6.0.2
31 verbose addNamed "6.0.2" is a plain semver version for strongloop
32 silly mapToRegistry name strongloop
33 silly mapToRegistry using default registry
34 silly mapToRegistry registry https://registry.npmjs.org/
35 silly mapToRegistry data Result {
35 silly mapToRegistry   raw: 'strongloop',
35 silly mapToRegistry   scope: null,
35 silly mapToRegistry   name: 'strongloop',
35 silly mapToRegistry   rawSpec: '',
35 silly mapToRegistry   spec: 'latest',
35 silly mapToRegistry   type: 'tag' }
36 silly mapToRegistry uri https://registry.npmjs.org/strongloop
37 verbose addRemoteTarball https://registry.npmjs.org/strongloop/-/strongloop-6.0.2.tgz not in flight; adding
38 verbose addRemoteTarball [ 'https://registry.npmjs.org/strongloop/-/strongloop-6.0.2.tgz',
38 verbose addRemoteTarball   '620e1531d5cfb6df0558a863945747dace1259ce' ]
39 info retry fetch attempt 1 at 3:32:09 PM
40 info attempt registry request try #1 at 3:32:09 PM
41 http fetch GET https://registry.npmjs.org/strongloop/-/strongloop-6.0.2.tgz
42 http fetch 200 https://registry.npmjs.org/strongloop/-/strongloop-6.0.2.tgz
43 silly fetchAndShaCheck shasum 620e1531d5cfb6df0558a863945747dace1259ce
44 verbose addTmpTarball /tmp/npm-6056-9e195bf1/registry.npmjs.org/strongloop/-/strongloop-6.0.2.tgz not in flight; adding
45 verbose addTmpTarball already have metadata; skipping unpack for strongloop@6.0.2
46 verbose correctMkdir /home/kira/.npm correctMkdir not in flight; initializing
47 silly cache afterAdd strongloop@6.0.2
48 verbose afterAdd /home/kira/.npm/strongloop/6.0.2/package/package.json not in flight; writing
49 verbose correctMkdir /home/kira/.npm correctMkdir not in flight; initializing
50 verbose afterAdd /home/kira/.npm/strongloop/6.0.2/package/package.json written
51 silly install resolved [ { name: 'strongloop',
51 silly install resolved     version: '6.0.2',
51 silly install resolved     description: 'StrongLoop Command Line Tools',
51 silly install resolved     homepage: 'http://www.strongloop.com',
51 silly install resolved     keywords:
51 silly install resolved      [ 'Backend',
51 silly install resolved        'LoopBack',
51 silly install resolved        'Mobile',
51 silly install resolved        'Platform',
51 silly install resolved        'StrongLoop',
51 silly install resolved        'alerts',
51 silly install resolved        'analytics',
51 silly install resolved        'agent',
51 silly install resolved        'apm',
51 silly install resolved        'build',
51 silly install resolved        'bundle',
51 silly install resolved        'cluster',
51 silly install resolved        'config',
51 silly install resolved        'dependencies',
51 silly install resolved        'deploy',
51 silly install resolved        'devops',
51 silly install resolved        'event loop',
51 silly install resolved        'forever',
51 silly install resolved        'git',
51 silly install resolved        'heap',
51 silly install resolved        'heroku',
51 silly install resolved        'logging',
51 silly install resolved        'mBaaS',
51 silly install resolved        'manager',
51 silly install resolved        'master',
51 silly install resolved        'memory',
51 silly install resolved        'metrics',
51 silly install resolved        'monitoring',
51 silly install resolved        'nodeops',
51 silly install resolved        'npm',
51 silly install resolved        'npmrc',
51 silly install resolved        'openshift',
51 silly install resolved        'ops',
51 silly install resolved        'performance',
51 silly install resolved        'pm',
51 silly install resolved        'process',
51 silly install resolved        'profiler',
51 silly install resolved        'profiling',
51 silly install resolved        'registry',
51 silly install resolved        'response',
51 silly install resolved        'runner',
51 silly install resolved        'service',
51 silly install resolved        'slc',
51 silly install resolved        'slowest functions',
51 silly install resolved        'streams',
51 silly install resolved        'strong-agent',
51 silly install resolved        'strong-cli',
51 silly install resolved        'strong-cluster-control',
51 silly install resolved        'strong-pm',
51 silly install resolved        'strong-supervisor',
51 silly install resolved        'strongloop',
51 silly install resolved        'strongops',
51 silly install resolved        'supervisor',
51 silly install resolved        'switch',
51 silly install resolved        'time',
51 silly install resolved        'upstart' ],
51 silly install resolved     repository:
51 silly install resolved      { type: 'git',
51 silly install resolved        url: 'git://github.com/strongloop/strongloop.git' },
51 silly install resolved     author: { name: 'engineering@strongloop.com' },
51 silly install resolved     license: 'Artistic-2.0',
51 silly install resolved     bin:
51 silly install resolved      { slc: './bin/slc.js',
51 silly install resolved        'lb-ng': './node_modules/loopback-sdk-angular-cli/bin/lb-ng.js' },
51 silly install resolved     scripts:
51 silly install resolved      { pretest: 'eslint --ignore-path .gitignore . && jscs .',
51 silly install resolved        test: 'tap --bail test/test-*.*' },
51 silly install resolved     dependencies:
51 silly install resolved      { async: '^0.9.0',
51 silly install resolved        debug: '^2.1.0',
51 silly install resolved        'generator-loopback': '1.x',
51 silly install resolved        'loopback-sdk-angular-cli': '^2.1.0',
51 silly install resolved        'node-inspector': '~0.7.0',
51 silly install resolved        'nodefly-register': '~0.3.2',
51 silly install resolved        nopt: '~3.0.1',
51 silly install resolved        optimist: '^0.6.1',
51 silly install resolved        read: '~1.0.5',
51 silly install resolved        'strong-agent': '^2.0.0',
51 silly install resolved        'strong-arc': '^1.2.0',
51 silly install resolved        'strong-build': '^2.0.0',
51 silly install resolved        'strong-deploy': '^3.x',
51 silly install resolved        'strong-mesh-models': '^8.0.0',
51 silly install resolved        'strong-pm': '^5.0.0',
51 silly install resolved        'strong-registry': '^1.0.0',
51 silly install resolved        'strong-start': '^1.1.0',
51 silly install resolved        'strong-supervisor': '^3.0.0',
51 silly install resolved        which: '^1.1.1',
51 silly install resolved        JSONStream: '^1.0.3',
51 silly install resolved        bufferutil: '^1.2.1',
51 silly install resolved        'core-util-is': '^1.0.1',
51 silly install resolved        d3: '^3.5.6',
51 silly install resolved        heapdump: '^0.3.7',
51 silly install resolved        inherits: '^2.0.1',
51 silly install resolved        less: '~1.4.0',
51 silly install resolved        lodash: '^3.10.1',
51 silly install resolved        loopback: '^2.17.0',
51 silly install resolved        'loopback-datasource-juggler': '^2.41.0',
51 silly install resolved        'mime-db': '^1.19.0',
51 silly install resolved        'modern-syslog': '^1.1.2',
51 silly install resolved        moment: '^2.10.0',
51 silly install resolved        'readable-stream': '^2.0.3',
51 silly install resolved        'spawn-sync': '^1.0.13',
51 silly install resolved        sqlite3: '^3.1.0',
51 silly install resolved        'strong-debugger': '^1.0.0',
51 silly install resolved        'strong-remoting': '^2.0.0',
51 silly install resolved        'strong-swagger-ui': '^21.0.1',
51 silly install resolved        'swagger-ui': '^2.1.3',
51 silly install resolved        'utf-8-validate': '^1.2.1',
51 silly install resolved        wrappy: '1.0.1',
51 silly install resolved        ws: '^0.8.0' },
51 silly install resolved     devDependencies: { eslint: '^1.1.0', jscs: '^1.11.3', tap: '^1.3.1' },
51 silly install resolved     optionalDependencies:
51 silly install resolved      { JSONStream: '^1.0.3',
51 silly install resolved        bufferutil: '^1.2.1',
51 silly install resolved        'core-util-is': '^1.0.1',
51 silly install resolved        d3: '^3.5.6',
51 silly install resolved        heapdump: '^0.3.7',
51 silly install resolved        inherits: '^2.0.1',
51 silly install resolved        less: '~1.4.0',
51 silly install resolved        lodash: '^3.10.1',
51 silly install resolved        loopback: '^2.17.0',
51 silly install resolved        'loopback-datasource-juggler': '^2.41.0',
51 silly install resolved        'mime-db': '^1.19.0',
51 silly install resolved        'modern-syslog': '^1.1.2',
51 silly install resolved        moment: '^2.10.0',
51 silly install resolved        'readable-stream': '^2.0.3',
51 silly install resolved        'spawn-sync': '^1.0.13',
51 silly install resolved        sqlite3: '^3.1.0',
51 silly install resolved        'strong-debugger': '^1.0.0',
51 silly install resolved        'strong-remoting': '^2.0.0',
51 silly install resolved        'strong-swagger-ui': '^21.0.1',
51 silly install resolved        'swagger-ui': '^2.1.3',
51 silly install resolved        'utf-8-validate': '^1.2.1',
51 silly install resolved        wrappy: '1.0.1',
51 silly install resolved        ws: '^0.8.0' },
51 silly install resolved     gitHead: '979a0458a3d3e7b365ce10e963ac5160629049a8',
51 silly install resolved     bugs: { url: 'https://github.com/strongloop/strongloop/issues' },
51 silly install resolved     _id: 'strongloop@6.0.2',
51 silly install resolved     _shasum: '620e1531d5cfb6df0558a863945747dace1259ce',
51 silly install resolved     _from: 'strongloop@latest',
51 silly install resolved     _npmVersion: '3.10.6',
51 silly install resolved     _nodeVersion: '4.5.0',
51 silly install resolved     _npmUser: { name: 'rmg', email: 'r.m.graham@gmail.com' },
51 silly install resolved     dist:
51 silly install resolved      { shasum: '620e1531d5cfb6df0558a863945747dace1259ce',
51 silly install resolved        tarball: 'https://registry.npmjs.org/strongloop/-/strongloop-6.0.2.tgz' },
51 silly install resolved     maintainers:
51 silly install resolved      [ [Object],
51 silly install resolved        [Object],
51 silly install resolved        [Object],
51 silly install resolved        [Object],
51 silly install resolved        [Object],
51 silly install resolved        [Object],
51 silly install resolved        [Object],
51 silly install resolved        [Object],
51 silly install resolved        [Object],
51 silly install resolved        [Object],
51 silly install resolved        [Object] ],
51 silly install resolved     _npmOperationalInternal:
51 silly install resolved      { host: 'packages-12-west.internal.npmjs.com',
51 silly install resolved        tmp: 'tmp/strongloop-6.0.2.tgz_1473204707612_0.7072409302927554' },
51 silly install resolved     directories: {},
51 silly install resolved     _resolved: 'https://registry.npmjs.org/strongloop/-/strongloop-6.0.2.tgz' } ]
52 info install strongloop@6.0.2 into /usr/lib
53 info installOne strongloop@6.0.2
54 verbose installOne of strongloop to /usr/lib not in flight; installing
55 verbose correctMkdir /home/kira/.npm/_locks correctMkdir not in flight; initializing
56 verbose lock using /home/kira/.npm/_locks/strongloop-59db96d40e8fdf34.lock for /usr/lib/node_modules/strongloop
57 silly install write writing strongloop 6.0.2 to /usr/lib/node_modules/strongloop
58 verbose unbuild lib/node_modules/strongloop
59 info preuninstall strongloop@6.0.1
60 info uninstall strongloop@6.0.1
61 verbose unbuild rmStuff strongloop@6.0.1 from /usr/lib/node_modules
62 silly gentlyRm /usr/bin/slc is being gently removed
63 silly gentlyRm verifying /usr is an npm working directory
64 silly gentlyRm /usr/bin/lb-ng is being gently removed
65 silly gentlyRm verifying /usr is an npm working directory
66 silly gentlyRm containing path /usr is under npm's control, in /usr
67 silly gentlyRm deletion target /usr/bin/slc is under /usr
68 verbose gentlyRm vacuuming from /usr/bin/slc up to /usr
69 silly gentlyRm containing path /usr is under npm's control, in /usr
70 silly gentlyRm deletion target /usr/bin/lb-ng is under /usr
71 verbose gentlyRm vacuuming from /usr/bin/lb-ng up to /usr
72 info postuninstall strongloop@6.0.1
73 silly gentlyRm /usr/lib/node_modules/strongloop is being purged from base /usr
74 verbose gentlyRm don't care about contents; nuking /usr/lib/node_modules/strongloop
75 silly vacuum-fs purging /usr/lib/node_modules/strongloop
76 verbose unlock done using /home/kira/.npm/_locks/strongloop-59db96d40e8fdf34.lock for /usr/lib/node_modules/strongloop
77 verbose stack Error: EACCES: permission denied, rmdir '/usr/lib/node_modules/strongloop'
77 verbose stack     at Error (native)
78 verbose cwd /var/www/html/gift.kiradev.me/api
79 error Linux 3.13.0-85-generic
80 error argv "/usr/bin/nodejs" "/usr/bin/npm" "install" "-g" "strongloop"
81 error node v4.5.0
82 error npm  v2.15.9
83 error path /usr/lib/node_modules/strongloop
84 error code EACCES
85 error errno -13
86 error syscall rmdir
87 error Error: EACCES: permission denied, rmdir '/usr/lib/node_modules/strongloop'
87 error     at Error (native)
87 error  { [Error: EACCES: permission denied, rmdir '/usr/lib/node_modules/strongloop']
87 error   errno: -13,
87 error   code: 'EACCES',
87 error   syscall: 'rmdir',
87 error   path: '/usr/lib/node_modules/strongloop' }
88 error Please try running this command again as root/Administrator.
89 verbose exit [ -13, true ]
90 verbose unbuild lib/node_modules/strongloop
91 info preuninstall strongloop@6.0.1
92 info uninstall strongloop@6.0.1
93 verbose unbuild rmStuff strongloop@6.0.1 from /usr/lib/node_modules
94 silly gentlyRm /usr/bin/slc is being gently removed
95 silly gentlyRm verifying /usr is an npm working directory
96 silly gentlyRm /usr/bin/lb-ng is being gently removed
97 silly gentlyRm verifying /usr is an npm working directory
98 silly gentlyRm containing path /usr is under npm's control, in /usr
99 silly gentlyRm deletion target /usr/bin/slc is under /usr
100 verbose gentlyRm vacuuming from /usr/bin/slc up to /usr
101 silly gentlyRm containing path /usr is under npm's control, in /usr
102 silly gentlyRm deletion target /usr/bin/lb-ng is under /usr
103 verbose gentlyRm vacuuming from /usr/bin/lb-ng up to /usr
104 info postuninstall strongloop@6.0.1
105 silly gentlyRm /usr/lib/node_modules/strongloop is being purged from base /usr
106 verbose gentlyRm don't care about contents; nuking /usr/lib/node_modules/strongloop
107 silly vacuum-fs purging /usr/lib/node_modules/strongloop
108 error error rolling back Error: EACCES: permission denied, rmdir '/usr/lib/node_modules/strongloop'
108 error error rolling back     at Error (native)
108 error error rolling back  { [Error: EACCES: permission denied, rmdir '/usr/lib/node_modules/strongloop']
108 error error rolling back   errno: -13,
108 error error rolling back   code: 'EACCES',
108 error error rolling back   syscall: 'rmdir',
108 error error rolling back   path: '/usr/lib/node_modules/strongloop' }
